[11:48:18 PM]: Spawning C:\src\flutter\bin\flutter.bat with args ["run","--machine","--start-paused","-d","emulator-5554","--devtools-server-address","http://127.0.0.1:9101/","--target","lib\\main.dart"]
[11:48:18 PM]: ..  in D:\BETTERday\BETTERday\betterday
[11:48:18 PM]: ..  with {"toolEnv":{"FLUTTER_HOST":"VSCode","PUB_ENVIRONMENT":"vscode.dart-code"}}
[11:48:18 PM]: PID: 19608
[11:48:20 PM]: <== [{"event":"daemon.connected","params":{"version":"0.6.1","pid":11900}}]
[11:48:20 PM]: <== [{"event":"app.start","params":{"appId":"4d2dbf87-5ca0-4980-8516-fd0e63adc0c9","deviceId":"emulator-5554","directory":"D:\\BETTERday\\BETTERday\\betterday","supportsRestart":true,"launchMode":"run"}}]
[11:48:20 PM]: <== Launching lib\main.dart on sdk gphone x86 in debug mode...
[11:48:21 PM]: <== [{"event":"app.progress","params":{"appId":"4d2dbf87-5ca0-4980-8516-fd0e63adc0c9","id":"0","progressId":null,"message":"Running Gradle task 'assembleDebug'...","finished":false}}]
[11:48:25 PM]: <== Error detected in pubspec.yaml:
[11:48:25 PM]: No file or variants found for asset: assets/images/CourseScreen/socratesmethod.png.
[11:48:25 PM]: 
[11:48:25 PM]: Target debug_android_application failed: Exception: Failed to bundle asset files.
[11:48:25 PM]: 
[11:48:25 PM]: 
[11:48:25 PM]: FAILURE: Build failed with an exception.
[11:48:25 PM]: * Where:
Script 'C:\src\flutter\packages\flutter_tools\gradle\flutter.gradle' line: 1157
[11:48:25 PM]: * What went wrong:
Execution failed for task ':app:compileFlutterBuildDebug'.
> Process 'command 'C:\src\flutter\bin\flutter.bat'' finished with non-zero exit value 1
[11:48:25 PM]: 
[11:48:25 PM]: * Try:
[11:48:25 PM]: > Run with --stacktrace option to get the stack trace.
> Run with --info or --debug option to get more log output.
> Run with --scan to get full insights.
[11:48:25 PM]: * Get more help at https://help.gradle.org

BUILD FAILED in 4s
[11:48:26 PM]: <== [{"event":"app.progress","params":{"appId":"4d2dbf87-5ca0-4980-8516-fd0e63adc0c9","id":"0","progressId":null,"finished":true}}]
[11:48:26 PM]: Exception: Gradle task assembleDebug failed with exit code 1
[11:48:26 PM]: <== [{"event":"app.stop","params":{"appId":"4d2dbf87-5ca0-4980-8516-fd0e63adc0c9"}}]
